-------------------------------------------------------------------------------
Test set: ru.yascooter.CreateCourierTest
-------------------------------------------------------------------------------
Tests run: 8, Failures: 1, Errors: 0, Skipped: 1, Time elapsed: 27.519 s <<< FAILURE! - in ru.yascooter.CreateCourierTest
courierCreationWithEmptyFirstName(ru.yascooter.CreateCourierTest)  Time elapsed: 0.702 s  <<< FAILURE!
java.lang.AssertionError: 
Invalid status code after courier creation with empty firstname
Expected: <400>
     but: was <201>
	at ru.yascooter.CreateCourierTest.courierCreationWithEmptyFirstName(CreateCourierTest.java:108)

