<?xml version="1.0" encoding="UTF-8"?>
<testsuite xmlns:xsi="http://www.w3.org/2001/XMLSchema-instance" xsi:noNamespaceSchemaLocation="https://maven.apache.org/surefire/maven-surefire-plugin/xsd/surefire-test-report.xsd" name="ru.yascooter.LoginCourierTest" time="3.482" tests="7" errors="0" skipped="1" failures="0">
  <properties>
[...]
</properties>
  <testcase name="courierLoginWithEmptyPassword" classname="ru.yascooter.LoginCourierTest" time="0.522"/>
  <testcase name="courierLoginWithValidCredentials" classname="ru.yascooter.LoginCourierTest" time="0.767"/>
  <testcase name="courierLoginWithoutPasswordField" classname="ru.yascooter.LoginCourierTest" time="0">
    <skipped/>
  </testcase>
  <testcase name="courierLoginWithEmptyLogin" classname="ru.yascooter.LoginCourierTest" time="0.522"/>
  <testcase name="courierLoginWithNonExistedLogin" classname="ru.yascooter.LoginCourierTest" time="0.558"/>
  <testcase name="courierLoginWithoutLoginField" classname="ru.yascooter.LoginCourierTest" time="0.582"/>
  <testcase name="courierLoginWithNonExistedPassword" classname="ru.yascooter.LoginCourierTest" time="0.505"/>
</testsuite>