<?xml version="1.0" encoding="UTF-8"?>
<testsuite xmlns:xsi="http://www.w3.org/2001/XMLSchema-instance" xsi:noNamespaceSchemaLocation="https://maven.apache.org/surefire/maven-surefire-plugin/xsd/surefire-test-report.xsd" name="ru.yascooter.CreateCourierTest" time="27.519" tests="8" errors="0" skipped="1" failures="1">
  <properties>
[...]
</properties>
  <testcase name="courierCreationWithEmptyLogin" classname="ru.yascooter.CreateCourierTest" time="22.719"/>
  <testcase name="courierCreationWithEmptyFirstName" classname="ru.yascooter.CreateCourierTest" time="0.702">
    <failure message="Invalid status code after courier creation with empty firstname&#10;Expected: &lt;400&gt;&#10;     but: was &lt;201&gt;" type="java.lang.AssertionError"><![CDATA[java.lang.AssertionError: 
Invalid status code after courier creation with empty firstname
Expected: <400>
     but: was <201>
	at ru.yascooter.CreateCourierTest.courierCreationWithEmptyFirstName(CreateCourierTest.java:108)
]]></failure>
  </testcase>
  <testcase name="courierCreationWithValidCredentials" classname="ru.yascooter.CreateCourierTest" time="0.784"/>
  <testcase name="courierCreationWithoutPassword" classname="ru.yascooter.CreateCourierTest" time="0.421"/>
  <testcase name="courierCreationWithoutFirstName" classname="ru.yascooter.CreateCourierTest" time="0">
    <skipped/>
  </testcase>
  <testcase name="courierCreationWithoutLogin" classname="ru.yascooter.CreateCourierTest" time="0.374"/>
  <testcase name="courierCreationWithEmptyPassword" classname="ru.yascooter.CreateCourierTest" time="0.41"/>
  <testcase name="courierCreationWithExistedCredentials" classname="ru.yascooter.CreateCourierTest" time="0.608"/>
</testsuite>